Using pre-set license
Built from '2021.1/release' branch; Version is '2021.1.4f1 (4cd64a618c1b) revision 5035594'; Using compiler version '192528614'; Build Type 'Release'
OS: 'Windows 10 Pro; OS build 19042.928; Version 2009; 64bit' Language: 'de' Physical Memory: 65461 MB
BatchMode: 1, IsHumanControllingUs: 0, StartBugReporterOnCrash: 0, Is64bit: 1, IsPro: 0

 COMMAND LINE ARGUMENTS:
C:\UnityVersions\2021.1.4f1\Editor\Unity.exe
-adb2
-batchMode
-noUpm
-name
AssetImportWorker1
-projectPath
C:/Users/niwel/Documents/GitHub/JumpSpider/Itsybitsy Spideroo
-logFile
Logs/AssetImportWorker1.log
-srvPort
1276
Successfully changed project path to: C:/Users/niwel/Documents/GitHub/JumpSpider/Itsybitsy Spideroo
C:/Users/niwel/Documents/GitHub/JumpSpider/Itsybitsy Spideroo
Using Asset Import Pipeline V2.
Refreshing native plugins compatible for Editor in 75.17 ms, found 2 plugins.
Preloading 0 native plugins for Editor in 0.00 ms.
Initialize engine version: 2021.1.4f1 (4cd64a618c1b)
[Subsystems] Discovering subsystems at path C:/UnityVersions/2021.1.4f1/Editor/Data/Resources/UnitySubsystems
[Subsystems] Discovering subsystems at path C:/Users/niwel/Documents/GitHub/JumpSpider/Itsybitsy Spideroo/Assets
GfxDevice: creating device client; threaded=0; jobified=0
Direct3D:
    Version:  Direct3D 11.0 [level 11.1]
    Renderer: NVIDIA GeForce GTX 970 (ID=0x13c2)
    Vendor:   NVIDIA
    VRAM:     4043 MB
    Driver:   27.21.14.6589
Initialize mono
Mono path[0] = 'C:/UnityVersions/2021.1.4f1/Editor/Data/Managed'
Mono path[1] = 'C:/UnityVersions/2021.1.4f1/Editor/Data/MonoBleedingEdge/lib/mono/unityjit'
Mono config path = 'C:/UnityVersions/2021.1.4f1/Editor/Data/MonoBleedingEdge/etc'
Using monoOptions --debugger-agent=transport=dt_socket,embedding=1,server=y,suspend=n,address=127.0.0.1:56744
Begin MonoManager ReloadAssembly
Registering precompiled unity dll's ...
Register platform support module: C:/UnityVersions/2021.1.4f1/Editor/Data/PlaybackEngines/WindowsStandaloneSupport/UnityEditor.WindowsStandalone.Extensions.dll
Registered in 0.001839 seconds.
Native extension for WindowsStandalone target not found
Refreshing native plugins compatible for Editor in 76.81 ms, found 2 plugins.
Preloading 0 native plugins for Editor in 0.00 ms.
Mono: successfully reloaded assembly
- Completed reload, in  1.087 seconds
Platform modules already initialized, skipping
Registering precompiled user dll's ...
Registered in 0.002400 seconds.
Begin MonoManager ReloadAssembly
Native extension for WindowsStandalone target not found
Refreshing native plugins compatible for Editor in 78.52 ms, found 2 plugins.
Preloading 0 native plugins for Editor in 0.00 ms.
Mono: successfully reloaded assembly
- Completed reload, in  0.890 seconds
Platform modules already initialized, skipping
========================================================================
Worker process is ready to serve import requests
Launched and connected shader compiler UnityShaderCompiler.exe after 0.03 seconds
Refreshing native plugins compatible for Editor in 0.61 ms, found 2 plugins.
Preloading 0 native plugins for Editor in 0.00 ms.
Unloading 3384 Unused Serialized files (Serialized files now loaded: 0)
System memory in use before: 128.4 MB.
System memory in use after: 128.5 MB.

Unloading 27 unused Assets to reduce memory usage. Loaded Objects now: 3840.
Total: 2.071300 ms (FindLiveObjects: 0.253700 ms CreateObjectMapping: 0.084100 ms MarkObjects: 1.656000 ms  DeleteObjects: 0.076700 ms)

========================================================================
Received Import Request.
  path: Assets/Prefabs/spiderTest.prefab
  artifactKey: Guid(ec84413c16b121241a5053c86827cecb) Importer(815301076,1909f56bfc062723c751e8b465ee728b)
Start importing Assets/Prefabs/spiderTest.prefab using Guid(ec84413c16b121241a5053c86827cecb) Importer(815301076,1909f56bfc062723c751e8b465ee728b)  -> (artifact id: '8c5d583c19c62192ef63455c934b3a1f') in 0.106341 seconds 
========================================================================
Received Import Request.
  Time since last request: 45.971139 seconds.
  path: Assets/Scripts/plat2.cs
  artifactKey: Guid(ef3a8b3f000505c44963d01e844cf4ec) Importer(815301076,1909f56bfc062723c751e8b465ee728b)
Start importing Assets/Scripts/plat2.cs using Guid(ef3a8b3f000505c44963d01e844cf4ec) Importer(815301076,1909f56bfc062723c751e8b465ee728b)  -> (artifact id: '3efdcdcf30d03b7a349614dabf45df94') in 0.006975 seconds 
========================================================================
Received Import Request.
  Time since last request: 157.357574 seconds.
  path: Assets/Scripts/fplatform2.cs
  artifactKey: Guid(7e64ce9cf120a0147a80086340481bfe) Importer(815301076,1909f56bfc062723c751e8b465ee728b)
Start importing Assets/Scripts/fplatform2.cs using Guid(7e64ce9cf120a0147a80086340481bfe) Importer(815301076,1909f56bfc062723c751e8b465ee728b)  -> (artifact id: '4310cde714d3a8c4045a55d83289ff5d') in 0.006131 seconds 
========================================================================
Received Import Request.
  Time since last request: 16.111845 seconds.
  path: Assets/Scripts/fplatform2.cs
  artifactKey: Guid(7e64ce9cf120a0147a80086340481bfe) Importer(815301076,1909f56bfc062723c751e8b465ee728b)
Start importing Assets/Scripts/fplatform2.cs using Guid(7e64ce9cf120a0147a80086340481bfe) Importer(815301076,1909f56bfc062723c751e8b465ee728b)  -> (artifact id: '1723f704c12a9e010fac5e2b0bcbbb1a') in 0.001710 seconds 
========================================================================
Received Prepare
Registering precompiled user dll's ...
Registered in 0.002600 seconds.
Begin MonoManager ReloadAssembly
Native extension for WindowsStandalone target not found
Refreshing native plugins compatible for Editor in 0.64 ms, found 2 plugins.
Preloading 0 native plugins for Editor in 0.00 ms.
Mono: successfully reloaded assembly
- Completed reload, in  0.761 seconds
Platform modules already initialized, skipping
Refreshing native plugins compatible for Editor in 0.61 ms, found 2 plugins.
Preloading 0 native plugins for Editor in 0.00 ms.
Unloading 3379 Unused Serialized files (Serialized files now loaded: 0)
System memory in use before: 132.0 MB.
System memory in use after: 132.1 MB.

Unloading 16 unused Assets to reduce memory usage. Loaded Objects now: 3852.
Total: 2.320800 ms (FindLiveObjects: 0.248500 ms CreateObjectMapping: 0.081100 ms MarkObjects: 1.915000 ms  DeleteObjects: 0.075400 ms)

AssetImportWorkerClient::OnTransportError - code=2 error=End of file
