Using pre-set license
Built from '2021.1/release' branch; Version is '2021.1.4f1 (4cd64a618c1b) revision 5035594'; Using compiler version '192528614'; Build Type 'Release'
OS: 'Windows 10 Pro; OS build 19042.928; Version 2009; 64bit' Language: 'de' Physical Memory: 65461 MB
BatchMode: 1, IsHumanControllingUs: 0, StartBugReporterOnCrash: 0, Is64bit: 1, IsPro: 0

 COMMAND LINE ARGUMENTS:
C:\UnityVersions\2021.1.4f1\Editor\Unity.exe
-adb2
-batchMode
-noUpm
-name
AssetImportWorker0
-projectPath
C:/Users/niwel/Documents/GitHub/JumpSpider/Itsybitsy Spideroo
-logFile
Logs/AssetImportWorker0.log
-srvPort
2890
Successfully changed project path to: C:/Users/niwel/Documents/GitHub/JumpSpider/Itsybitsy Spideroo
C:/Users/niwel/Documents/GitHub/JumpSpider/Itsybitsy Spideroo
Using Asset Import Pipeline V2.
Refreshing native plugins compatible for Editor in 81.17 ms, found 2 plugins.
Preloading 0 native plugins for Editor in 0.00 ms.
Initialize engine version: 2021.1.4f1 (4cd64a618c1b)
[Subsystems] Discovering subsystems at path C:/UnityVersions/2021.1.4f1/Editor/Data/Resources/UnitySubsystems
[Subsystems] Discovering subsystems at path C:/Users/niwel/Documents/GitHub/JumpSpider/Itsybitsy Spideroo/Assets
GfxDevice: creating device client; threaded=0; jobified=0
Direct3D:
    Version:  Direct3D 11.0 [level 11.1]
    Renderer: NVIDIA GeForce GTX 970 (ID=0x13c2)
    Vendor:   NVIDIA
    VRAM:     4043 MB
    Driver:   27.21.14.6589
Initialize mono
Mono path[0] = 'C:/UnityVersions/2021.1.4f1/Editor/Data/Managed'
Mono path[1] = 'C:/UnityVersions/2021.1.4f1/Editor/Data/MonoBleedingEdge/lib/mono/unityjit'
Mono config path = 'C:/UnityVersions/2021.1.4f1/Editor/Data/MonoBleedingEdge/etc'
Using monoOptions --debugger-agent=transport=dt_socket,embedding=1,server=y,suspend=n,address=127.0.0.1:56052
Begin MonoManager ReloadAssembly
Registering precompiled unity dll's ...
Register platform support module: C:/UnityVersions/2021.1.4f1/Editor/Data/PlaybackEngines/WindowsStandaloneSupport/UnityEditor.WindowsStandalone.Extensions.dll
Registered in 0.001708 seconds.
Native extension for WindowsStandalone target not found
Refreshing native plugins compatible for Editor in 74.73 ms, found 2 plugins.
Preloading 0 native plugins for Editor in 0.00 ms.
Mono: successfully reloaded assembly
- Completed reload, in  0.943 seconds
Platform modules already initialized, skipping
Registering precompiled user dll's ...
Registered in 0.002372 seconds.
Begin MonoManager ReloadAssembly
Native extension for WindowsStandalone target not found
Refreshing native plugins compatible for Editor in 73.87 ms, found 2 plugins.
Preloading 0 native plugins for Editor in 0.00 ms.
Mono: successfully reloaded assembly
- Completed reload, in  0.857 seconds
Platform modules already initialized, skipping
========================================================================
Worker process is ready to serve import requests
Launched and connected shader compiler UnityShaderCompiler.exe after 0.03 seconds
Refreshing native plugins compatible for Editor in 0.66 ms, found 2 plugins.
Preloading 0 native plugins for Editor in 0.00 ms.
Unloading 3387 Unused Serialized files (Serialized files now loaded: 0)
System memory in use before: 128.4 MB.
System memory in use after: 128.6 MB.

Unloading 27 unused Assets to reduce memory usage. Loaded Objects now: 3843.
Total: 2.648200 ms (FindLiveObjects: 0.349600 ms CreateObjectMapping: 0.251600 ms MarkObjects: 1.954300 ms  DeleteObjects: 0.091100 ms)

========================================================================
Received Import Request.
  path: Assets/Scripts/GameManager.cs
  artifactKey: Guid(9a2ab8e1cdd3efc4b9fad0542291fd55) Importer(815301076,1909f56bfc062723c751e8b465ee728b)
Start importing Assets/Scripts/GameManager.cs using Guid(9a2ab8e1cdd3efc4b9fad0542291fd55) Importer(815301076,1909f56bfc062723c751e8b465ee728b)  -> (artifact id: 'f7cc76115c7caf4e7a7132c5ad037579') in 0.026949 seconds 
========================================================================
Received Prepare
Registering precompiled user dll's ...
Registered in 0.002417 seconds.
Begin MonoManager ReloadAssembly
Native extension for WindowsStandalone target not found
Refreshing native plugins compatible for Editor in 0.63 ms, found 2 plugins.
Preloading 0 native plugins for Editor in 0.00 ms.
Mono: successfully reloaded assembly
- Completed reload, in  0.745 seconds
Platform modules already initialized, skipping
Refreshing native plugins compatible for Editor in 0.61 ms, found 2 plugins.
Preloading 0 native plugins for Editor in 0.00 ms.
Unloading 3381 Unused Serialized files (Serialized files now loaded: 0)
System memory in use before: 128.4 MB.
System memory in use after: 128.5 MB.

Unloading 16 unused Assets to reduce memory usage. Loaded Objects now: 3847.
Total: 2.427700 ms (FindLiveObjects: 0.248500 ms CreateObjectMapping: 0.078300 ms MarkObjects: 2.019500 ms  DeleteObjects: 0.080300 ms)

========================================================================
Received Prepare
Registering precompiled user dll's ...
Registered in 0.002758 seconds.
Begin MonoManager ReloadAssembly
Native extension for WindowsStandalone target not found
Refreshing native plugins compatible for Editor in 0.62 ms, found 2 plugins.
Preloading 0 native plugins for Editor in 0.00 ms.
Mono: successfully reloaded assembly
- Completed reload, in  0.758 seconds
Platform modules already initialized, skipping
Refreshing native plugins compatible for Editor in 0.63 ms, found 2 plugins.
Preloading 0 native plugins for Editor in 0.00 ms.
Unloading 3381 Unused Serialized files (Serialized files now loaded: 0)
System memory in use before: 128.4 MB.
System memory in use after: 128.6 MB.

Unloading 16 unused Assets to reduce memory usage. Loaded Objects now: 3851.
Total: 2.331300 ms (FindLiveObjects: 0.257800 ms CreateObjectMapping: 0.082800 ms MarkObjects: 1.905100 ms  DeleteObjects: 0.084600 ms)

========================================================================
Received Import Request.
  Time since last request: 18.484534 seconds.
  path: Assets/Scripts/GameManager.cs
  artifactKey: Guid(9a2ab8e1cdd3efc4b9fad0542291fd55) Importer(815301076,1909f56bfc062723c751e8b465ee728b)
Start importing Assets/Scripts/GameManager.cs using Guid(9a2ab8e1cdd3efc4b9fad0542291fd55) Importer(815301076,1909f56bfc062723c751e8b465ee728b)  -> (artifact id: '2793cedf01f5712e220cbfcdd3951528') in 0.004984 seconds 
========================================================================
Received Prepare
Registering precompiled user dll's ...
Registered in 0.002995 seconds.
Begin MonoManager ReloadAssembly
Native extension for WindowsStandalone target not found
Refreshing native plugins compatible for Editor in 0.64 ms, found 2 plugins.
Preloading 0 native plugins for Editor in 0.00 ms.
Mono: successfully reloaded assembly
- Completed reload, in  0.764 seconds
Platform modules already initialized, skipping
Refreshing native plugins compatible for Editor in 0.59 ms, found 2 plugins.
Preloading 0 native plugins for Editor in 0.00 ms.
Unloading 3381 Unused Serialized files (Serialized files now loaded: 0)
System memory in use before: 128.5 MB.
System memory in use after: 128.6 MB.

Unloading 16 unused Assets to reduce memory usage. Loaded Objects now: 3855.
Total: 2.326700 ms (FindLiveObjects: 0.251600 ms CreateObjectMapping: 0.076800 ms MarkObjects: 1.914800 ms  DeleteObjects: 0.082600 ms)

========================================================================
Received Import Request.
  Time since last request: 34.755390 seconds.
  path: Assets/Scripts/GameManager.cs
  artifactKey: Guid(9a2ab8e1cdd3efc4b9fad0542291fd55) Importer(815301076,1909f56bfc062723c751e8b465ee728b)
Start importing Assets/Scripts/GameManager.cs using Guid(9a2ab8e1cdd3efc4b9fad0542291fd55) Importer(815301076,1909f56bfc062723c751e8b465ee728b)  -> (artifact id: '9026f5ca0ede05186bec3008763aa5ee') in 0.005076 seconds 
========================================================================
Received Prepare
Registering precompiled user dll's ...
Registered in 0.002639 seconds.
Begin MonoManager ReloadAssembly
Native extension for WindowsStandalone target not found
Refreshing native plugins compatible for Editor in 0.62 ms, found 2 plugins.
Preloading 0 native plugins for Editor in 0.00 ms.
Mono: successfully reloaded assembly
- Completed reload, in  0.760 seconds
Platform modules already initialized, skipping
Refreshing native plugins compatible for Editor in 0.56 ms, found 2 plugins.
Preloading 0 native plugins for Editor in 0.00 ms.
Unloading 3381 Unused Serialized files (Serialized files now loaded: 0)
System memory in use before: 128.5 MB.
System memory in use after: 128.6 MB.

Unloading 16 unused Assets to reduce memory usage. Loaded Objects now: 3859.
Total: 2.316900 ms (FindLiveObjects: 0.262100 ms CreateObjectMapping: 0.095300 ms MarkObjects: 1.872700 ms  DeleteObjects: 0.085400 ms)

========================================================================
Received Import Request.
  Time since last request: 1073.285317 seconds.
  path: Assets/Scripts/GameManager.cs
  artifactKey: Guid(9a2ab8e1cdd3efc4b9fad0542291fd55) Importer(815301076,1909f56bfc062723c751e8b465ee728b)
Start importing Assets/Scripts/GameManager.cs using Guid(9a2ab8e1cdd3efc4b9fad0542291fd55) Importer(815301076,1909f56bfc062723c751e8b465ee728b)  -> (artifact id: '7e74039633c9d954b7e756070397f902') in 0.005099 seconds 
========================================================================
Received Prepare
Registering precompiled user dll's ...
Registered in 0.002803 seconds.
Begin MonoManager ReloadAssembly
Native extension for WindowsStandalone target not found
Refreshing native plugins compatible for Editor in 0.62 ms, found 2 plugins.
Preloading 0 native plugins for Editor in 0.00 ms.
Mono: successfully reloaded assembly
- Completed reload, in  0.770 seconds
Platform modules already initialized, skipping
Refreshing native plugins compatible for Editor in 0.61 ms, found 2 plugins.
Preloading 0 native plugins for Editor in 0.00 ms.
Unloading 3381 Unused Serialized files (Serialized files now loaded: 0)
System memory in use before: 128.5 MB.
System memory in use after: 128.6 MB.

Unloading 16 unused Assets to reduce memory usage. Loaded Objects now: 3863.
Total: 2.283600 ms (FindLiveObjects: 0.262600 ms CreateObjectMapping: 0.081300 ms MarkObjects: 1.857000 ms  DeleteObjects: 0.081800 ms)

========================================================================
Received Import Request.
  Time since last request: 290.220633 seconds.
  path: Assets/Scripts/GameManager.cs
  artifactKey: Guid(9a2ab8e1cdd3efc4b9fad0542291fd55) Importer(815301076,1909f56bfc062723c751e8b465ee728b)
Start importing Assets/Scripts/GameManager.cs using Guid(9a2ab8e1cdd3efc4b9fad0542291fd55) Importer(815301076,1909f56bfc062723c751e8b465ee728b)  -> (artifact id: '81c0757548c8001cd834f35678fb6f77') in 0.005111 seconds 
========================================================================
Received Prepare
Registering precompiled user dll's ...
Registered in 0.002614 seconds.
Begin MonoManager ReloadAssembly
Native extension for WindowsStandalone target not found
Refreshing native plugins compatible for Editor in 0.62 ms, found 2 plugins.
Preloading 0 native plugins for Editor in 0.00 ms.
Mono: successfully reloaded assembly
- Completed reload, in  0.754 seconds
Platform modules already initialized, skipping
Refreshing native plugins compatible for Editor in 0.65 ms, found 2 plugins.
Preloading 0 native plugins for Editor in 0.00 ms.
Unloading 3381 Unused Serialized files (Serialized files now loaded: 0)
System memory in use before: 128.5 MB.
System memory in use after: 128.6 MB.

Unloading 16 unused Assets to reduce memory usage. Loaded Objects now: 3867.
Total: 2.407600 ms (FindLiveObjects: 0.252200 ms CreateObjectMapping: 0.092000 ms MarkObjects: 1.983700 ms  DeleteObjects: 0.078500 ms)

========================================================================
Received Import Request.
  Time since last request: 178.249763 seconds.
  path: Assets/Scripts/GameManager.cs
  artifactKey: Guid(9a2ab8e1cdd3efc4b9fad0542291fd55) Importer(815301076,1909f56bfc062723c751e8b465ee728b)
Start importing Assets/Scripts/GameManager.cs using Guid(9a2ab8e1cdd3efc4b9fad0542291fd55) Importer(815301076,1909f56bfc062723c751e8b465ee728b)  -> (artifact id: '2a935e7982ac18d097bac0dc454ee688') in 0.005065 seconds 
========================================================================
Received Prepare
Registering precompiled user dll's ...
Registered in 0.062461 seconds.
Begin MonoManager ReloadAssembly
Native extension for WindowsStandalone target not found
Refreshing native plugins compatible for Editor in 0.61 ms, found 2 plugins.
Preloading 0 native plugins for Editor in 0.00 ms.
Mono: successfully reloaded assembly
- Completed reload, in  0.859 seconds
Platform modules already initialized, skipping
Refreshing native plugins compatible for Editor in 0.60 ms, found 2 plugins.
Preloading 0 native plugins for Editor in 0.00 ms.
Unloading 3381 Unused Serialized files (Serialized files now loaded: 0)
System memory in use before: 128.5 MB.
System memory in use after: 128.6 MB.

Unloading 16 unused Assets to reduce memory usage. Loaded Objects now: 3871.
Total: 2.076900 ms (FindLiveObjects: 0.268200 ms CreateObjectMapping: 0.098400 ms MarkObjects: 1.633000 ms  DeleteObjects: 0.076300 ms)

========================================================================
Received Prepare
Registering precompiled user dll's ...
Registered in 0.002616 seconds.
Begin MonoManager ReloadAssembly
Native extension for WindowsStandalone target not found
Refreshing native plugins compatible for Editor in 0.60 ms, found 2 plugins.
Preloading 0 native plugins for Editor in 0.00 ms.
Mono: successfully reloaded assembly
- Completed reload, in  0.764 seconds
Platform modules already initialized, skipping
Refreshing native plugins compatible for Editor in 0.54 ms, found 2 plugins.
Preloading 0 native plugins for Editor in 0.00 ms.
Unloading 3381 Unused Serialized files (Serialized files now loaded: 0)
System memory in use before: 128.5 MB.
System memory in use after: 128.7 MB.

Unloading 16 unused Assets to reduce memory usage. Loaded Objects now: 3875.
Total: 2.273700 ms (FindLiveObjects: 0.243500 ms CreateObjectMapping: 0.080900 ms MarkObjects: 1.868800 ms  DeleteObjects: 0.079700 ms)

========================================================================
Received Prepare
Registering precompiled user dll's ...
Registered in 0.002501 seconds.
Begin MonoManager ReloadAssembly
Native extension for WindowsStandalone target not found
Refreshing native plugins compatible for Editor in 0.63 ms, found 2 plugins.
Preloading 0 native plugins for Editor in 0.00 ms.
Mono: successfully reloaded assembly
- Completed reload, in  0.729 seconds
Platform modules already initialized, skipping
Refreshing native plugins compatible for Editor in 0.59 ms, found 2 plugins.
Preloading 0 native plugins for Editor in 0.00 ms.
Unloading 3381 Unused Serialized files (Serialized files now loaded: 0)
System memory in use before: 128.5 MB.
System memory in use after: 128.7 MB.

Unloading 16 unused Assets to reduce memory usage. Loaded Objects now: 3879.
Total: 2.290200 ms (FindLiveObjects: 0.269200 ms CreateObjectMapping: 0.083600 ms MarkObjects: 1.858700 ms  DeleteObjects: 0.077800 ms)

========================================================================
Received Import Request.
  Time since last request: 687.720850 seconds.
  path: Assets/Scripts/testSound.mp3
  artifactKey: Guid(f184b19603c889d48b1af02717cba508) Importer(815301076,1909f56bfc062723c751e8b465ee728b)
Start importing Assets/Scripts/testSound.mp3 using Guid(f184b19603c889d48b1af02717cba508) Importer(815301076,1909f56bfc062723c751e8b465ee728b)  -> (artifact id: 'bd72be401dcde7b1eed25681f9487c8e') in 0.093824 seconds 
========================================================================
Received Prepare
Registering precompiled user dll's ...
Registered in 0.002418 seconds.
Begin MonoManager ReloadAssembly
Native extension for WindowsStandalone target not found
Refreshing native plugins compatible for Editor in 0.89 ms, found 2 plugins.
Preloading 0 native plugins for Editor in 0.00 ms.
Mono: successfully reloaded assembly
- Completed reload, in  0.733 seconds
Platform modules already initialized, skipping
Refreshing native plugins compatible for Editor in 0.61 ms, found 2 plugins.
Preloading 0 native plugins for Editor in 0.00 ms.
Unloading 3381 Unused Serialized files (Serialized files now loaded: 0)
System memory in use before: 132.2 MB.
System memory in use after: 132.3 MB.

Unloading 16 unused Assets to reduce memory usage. Loaded Objects now: 3892.
Total: 2.562700 ms (FindLiveObjects: 0.262100 ms CreateObjectMapping: 0.080600 ms MarkObjects: 2.140100 ms  DeleteObjects: 0.078800 ms)

========================================================================
Received Prepare
Registering precompiled user dll's ...
Registered in 0.002596 seconds.
Begin MonoManager ReloadAssembly
Native extension for WindowsStandalone target not found
Refreshing native plugins compatible for Editor in 0.61 ms, found 2 plugins.
Preloading 0 native plugins for Editor in 0.00 ms.
Mono: successfully reloaded assembly
- Completed reload, in  0.745 seconds
Platform modules already initialized, skipping
Refreshing native plugins compatible for Editor in 0.58 ms, found 2 plugins.
Preloading 0 native plugins for Editor in 0.00 ms.
Unloading 3381 Unused Serialized files (Serialized files now loaded: 0)
System memory in use before: 132.2 MB.
System memory in use after: 132.3 MB.

Unloading 16 unused Assets to reduce memory usage. Loaded Objects now: 3896.
Total: 2.338800 ms (FindLiveObjects: 0.257600 ms CreateObjectMapping: 0.080100 ms MarkObjects: 1.917400 ms  DeleteObjects: 0.083000 ms)

========================================================================
Received Import Request.
  Time since last request: 324.918227 seconds.
  path: Assets/Prefabs/P_Trampo.prefab
  artifactKey: Guid(329030568b78b834587cb9e0f18326d7) Importer(815301076,1909f56bfc062723c751e8b465ee728b)
Start importing Assets/Prefabs/P_Trampo.prefab using Guid(329030568b78b834587cb9e0f18326d7) Importer(815301076,1909f56bfc062723c751e8b465ee728b)  -> (artifact id: '4ac6cc142fa441da95f3f086c1728fef') in 0.061798 seconds 
========================================================================
Received Import Request.
  Time since last request: 24.763671 seconds.
  path: Assets/Prefabs/NormalPlatform.prefab
  artifactKey: Guid(0676c85eab3b7704891cd6f6bc9492fa) Importer(815301076,1909f56bfc062723c751e8b465ee728b)
Start importing Assets/Prefabs/NormalPlatform.prefab using Guid(0676c85eab3b7704891cd6f6bc9492fa) Importer(815301076,1909f56bfc062723c751e8b465ee728b)  -> (artifact id: '009d4fa59c62275dbac40f3c830a60d1') in 0.015754 seconds 
========================================================================
Received Import Request.
  Time since last request: 8.618851 seconds.
  path: Assets/Prefabs/NormalPlatform.prefab
  artifactKey: Guid(0676c85eab3b7704891cd6f6bc9492fa) Importer(815301076,1909f56bfc062723c751e8b465ee728b)
Start importing Assets/Prefabs/NormalPlatform.prefab using Guid(0676c85eab3b7704891cd6f6bc9492fa) Importer(815301076,1909f56bfc062723c751e8b465ee728b)  -> (artifact id: '5fb81878c484bd5bdc10ab95469955ba') in 0.006805 seconds 
========================================================================
Received Import Request.
  Time since last request: 1.006249 seconds.
  path: Assets/Prefabs/NormalPlatform.prefab
  artifactKey: Guid(0676c85eab3b7704891cd6f6bc9492fa) Importer(815301076,1909f56bfc062723c751e8b465ee728b)
Start importing Assets/Prefabs/NormalPlatform.prefab using Guid(0676c85eab3b7704891cd6f6bc9492fa) Importer(815301076,1909f56bfc062723c751e8b465ee728b)  -> (artifact id: 'c3bef0c26ec81dd8d968b91bb41da518') in 0.006588 seconds 
========================================================================
Received Import Request.
  Time since last request: 0.586290 seconds.
  path: Assets/Prefabs/NormalPlatform.prefab
  artifactKey: Guid(0676c85eab3b7704891cd6f6bc9492fa) Importer(815301076,1909f56bfc062723c751e8b465ee728b)
Start importing Assets/Prefabs/NormalPlatform.prefab using Guid(0676c85eab3b7704891cd6f6bc9492fa) Importer(815301076,1909f56bfc062723c751e8b465ee728b)  -> (artifact id: '7e247121634b1becb9f9d902465263fa') in 0.006794 seconds 
========================================================================
Received Import Request.
  Time since last request: 10.262908 seconds.
  path: Assets/Prefabs/NormalPlatform.prefab
  artifactKey: Guid(0676c85eab3b7704891cd6f6bc9492fa) Importer(815301076,1909f56bfc062723c751e8b465ee728b)
Start importing Assets/Prefabs/NormalPlatform.prefab using Guid(0676c85eab3b7704891cd6f6bc9492fa) Importer(815301076,1909f56bfc062723c751e8b465ee728b)  -> (artifact id: '4e2054dcb89011d9798411ed4dc22fef') in 0.007286 seconds 
========================================================================
Received Import Request.
  Time since last request: 4.638413 seconds.
  path: Assets/Prefabs/NormalPlatform.prefab
  artifactKey: Guid(0676c85eab3b7704891cd6f6bc9492fa) Importer(815301076,1909f56bfc062723c751e8b465ee728b)
Start importing Assets/Prefabs/NormalPlatform.prefab using Guid(0676c85eab3b7704891cd6f6bc9492fa) Importer(815301076,1909f56bfc062723c751e8b465ee728b)  -> (artifact id: 'c58da9820ba9dbb0d7fc7d0b325d6bb8') in 0.006548 seconds 
========================================================================
Received Import Request.
  Time since last request: 3.616815 seconds.
  path: Assets/Prefabs/NormalPlatform.prefab
  artifactKey: Guid(0676c85eab3b7704891cd6f6bc9492fa) Importer(815301076,1909f56bfc062723c751e8b465ee728b)
Start importing Assets/Prefabs/NormalPlatform.prefab using Guid(0676c85eab3b7704891cd6f6bc9492fa) Importer(815301076,1909f56bfc062723c751e8b465ee728b)  -> (artifact id: '0cae87a788cfc5f3938e1a96adf48ce7') in 0.007941 seconds 
========================================================================
Received Import Request.
  Time since last request: 2.437753 seconds.
  path: Assets/Prefabs/NormalPlatform.prefab
  artifactKey: Guid(0676c85eab3b7704891cd6f6bc9492fa) Importer(815301076,1909f56bfc062723c751e8b465ee728b)
Start importing Assets/Prefabs/NormalPlatform.prefab using Guid(0676c85eab3b7704891cd6f6bc9492fa) Importer(815301076,1909f56bfc062723c751e8b465ee728b)  -> (artifact id: 'c91b2e3284639fc9349741a810faccae') in 0.007432 seconds 
========================================================================
Received Import Request.
  Time since last request: 1.969347 seconds.
  path: Assets/Prefabs/NormalPlatform.prefab
  artifactKey: Guid(0676c85eab3b7704891cd6f6bc9492fa) Importer(815301076,1909f56bfc062723c751e8b465ee728b)
Start importing Assets/Prefabs/NormalPlatform.prefab using Guid(0676c85eab3b7704891cd6f6bc9492fa) Importer(815301076,1909f56bfc062723c751e8b465ee728b)  -> (artifact id: '34002fcb7cf367d2b3825bb3a20b027b') in 0.006834 seconds 
========================================================================
Received Import Request.
  Time since last request: 1.392913 seconds.
  path: Assets/Prefabs/NormalPlatform.prefab
  artifactKey: Guid(0676c85eab3b7704891cd6f6bc9492fa) Importer(815301076,1909f56bfc062723c751e8b465ee728b)
Start importing Assets/Prefabs/NormalPlatform.prefab using Guid(0676c85eab3b7704891cd6f6bc9492fa) Importer(815301076,1909f56bfc062723c751e8b465ee728b)  -> (artifact id: 'fe92bdf709d0715807750084a90141e7') in 0.007040 seconds 
========================================================================
Received Import Request.
  Time since last request: 7.024033 seconds.
  path: Assets/Prefabs/NormalPlatform.prefab
  artifactKey: Guid(0676c85eab3b7704891cd6f6bc9492fa) Importer(815301076,1909f56bfc062723c751e8b465ee728b)
Start importing Assets/Prefabs/NormalPlatform.prefab using Guid(0676c85eab3b7704891cd6f6bc9492fa) Importer(815301076,1909f56bfc062723c751e8b465ee728b)  -> (artifact id: 'e99123a4771b1029e0c26fb2a3563b92') in 0.007211 seconds 
========================================================================
Received Import Request.
  Time since last request: 7.654844 seconds.
  path: Assets/Prefabs/NormalPlatform.prefab
  artifactKey: Guid(0676c85eab3b7704891cd6f6bc9492fa) Importer(815301076,1909f56bfc062723c751e8b465ee728b)
Start importing Assets/Prefabs/NormalPlatform.prefab using Guid(0676c85eab3b7704891cd6f6bc9492fa) Importer(815301076,1909f56bfc062723c751e8b465ee728b)  -> (artifact id: 'd052f79df8b055b7c13d30bc494480b8') in 0.006694 seconds 
========================================================================
Received Import Request.
  Time since last request: 1.601807 seconds.
  path: Assets/Prefabs/NormalPlatform.prefab
  artifactKey: Guid(0676c85eab3b7704891cd6f6bc9492fa) Importer(815301076,1909f56bfc062723c751e8b465ee728b)
Start importing Assets/Prefabs/NormalPlatform.prefab using Guid(0676c85eab3b7704891cd6f6bc9492fa) Importer(815301076,1909f56bfc062723c751e8b465ee728b)  -> (artifact id: '25a2fe2d1b79ec1fbb124ead6065ddf7') in 0.007100 seconds 
========================================================================
Received Prepare
Registering precompiled user dll's ...
Registered in 0.002691 seconds.
Begin MonoManager ReloadAssembly
Native extension for WindowsStandalone target not found
Refreshing native plugins compatible for Editor in 0.63 ms, found 2 plugins.
Preloading 0 native plugins for Editor in 0.00 ms.
Mono: successfully reloaded assembly
- Completed reload, in  0.775 seconds
Platform modules already initialized, skipping
Refreshing native plugins compatible for Editor in 0.63 ms, found 2 plugins.
Preloading 0 native plugins for Editor in 0.00 ms.
Unloading 3382 Unused Serialized files (Serialized files now loaded: 0)
System memory in use before: 132.3 MB.
System memory in use after: 132.4 MB.

Unloading 16 unused Assets to reduce memory usage. Loaded Objects now: 3902.
Total: 3.117500 ms (FindLiveObjects: 0.294300 ms CreateObjectMapping: 0.083400 ms MarkObjects: 2.650900 ms  DeleteObjects: 0.087600 ms)

========================================================================
Received Import Request.
  Time since last request: 22.392003 seconds.
  path: Assets/Prefabs/NormalPlatform.prefab
  artifactKey: Guid(0676c85eab3b7704891cd6f6bc9492fa) Importer(815301076,1909f56bfc062723c751e8b465ee728b)
Start importing Assets/Prefabs/NormalPlatform.prefab using Guid(0676c85eab3b7704891cd6f6bc9492fa) Importer(815301076,1909f56bfc062723c751e8b465ee728b)  -> (artifact id: '6ecb2b7745f51df091e76d4e16f2cf35') in 0.045914 seconds 
========================================================================
Received Prepare
Registering precompiled user dll's ...
Registered in 0.002580 seconds.
Begin MonoManager ReloadAssembly
Native extension for WindowsStandalone target not found
Refreshing native plugins compatible for Editor in 0.62 ms, found 2 plugins.
Preloading 0 native plugins for Editor in 0.00 ms.
Mono: successfully reloaded assembly
- Completed reload, in  0.737 seconds
Platform modules already initialized, skipping
Refreshing native plugins compatible for Editor in 0.91 ms, found 2 plugins.
Preloading 0 native plugins for Editor in 0.00 ms.
Unloading 3382 Unused Serialized files (Serialized files now loaded: 0)
System memory in use before: 132.3 MB.
System memory in use after: 132.4 MB.

Unloading 16 unused Assets to reduce memory usage. Loaded Objects now: 3907.
Total: 2.354400 ms (FindLiveObjects: 0.281200 ms CreateObjectMapping: 0.081300 ms MarkObjects: 1.908600 ms  DeleteObjects: 0.081400 ms)

========================================================================
Received Import Request.
  Time since last request: 7.881034 seconds.
  path: Assets/Scripts/CameraScript.cs
  artifactKey: Guid(e4f65ac37992bae428a80ec1de319329) Importer(815301076,1909f56bfc062723c751e8b465ee728b)
Start importing Assets/Scripts/CameraScript.cs using Guid(e4f65ac37992bae428a80ec1de319329) Importer(815301076,1909f56bfc062723c751e8b465ee728b)  -> (artifact id: '7735f85b0d71cab0d74f631408e635b6') in 0.010231 seconds 
========================================================================
Received Import Request.
  Time since last request: 5.536651 seconds.
  path: Assets/Scripts/landOnPlatform.cs
  artifactKey: Guid(54ef4c47ebd060949af28eb36040acf8) Importer(815301076,1909f56bfc062723c751e8b465ee728b)
Start importing Assets/Scripts/landOnPlatform.cs using Guid(54ef4c47ebd060949af28eb36040acf8) Importer(815301076,1909f56bfc062723c751e8b465ee728b)  -> (artifact id: 'cd895edebdfcdcb6f40407e6c70238ed') in 0.007424 seconds 
========================================================================
Received Prepare
Registering precompiled user dll's ...
Registered in 0.002578 seconds.
Begin MonoManager ReloadAssembly
Native extension for WindowsStandalone target not found
Refreshing native plugins compatible for Editor in 0.62 ms, found 2 plugins.
Preloading 0 native plugins for Editor in 0.00 ms.
Mono: successfully reloaded assembly
- Completed reload, in  0.754 seconds
Platform modules already initialized, skipping
Refreshing native plugins compatible for Editor in 0.61 ms, found 2 plugins.
Preloading 0 native plugins for Editor in 0.00 ms.
Unloading 3382 Unused Serialized files (Serialized files now loaded: 0)
System memory in use before: 132.3 MB.
System memory in use after: 132.4 MB.

Unloading 16 unused Assets to reduce memory usage. Loaded Objects now: 3911.
Total: 2.278000 ms (FindLiveObjects: 0.255400 ms CreateObjectMapping: 0.091300 ms MarkObjects: 1.847600 ms  DeleteObjects: 0.083000 ms)

========================================================================
Received Import Request.
  Time since last request: 97.257153 seconds.
  path: Assets/Scripts/landOnPlatform.cs
  artifactKey: Guid(54ef4c47ebd060949af28eb36040acf8) Importer(815301076,1909f56bfc062723c751e8b465ee728b)
Start importing Assets/Scripts/landOnPlatform.cs using Guid(54ef4c47ebd060949af28eb36040acf8) Importer(815301076,1909f56bfc062723c751e8b465ee728b)  -> (artifact id: 'f8470e2c6dbc71e4bfe795211ceffa92') in 0.008146 seconds 
========================================================================
Received Import Request.
  Time since last request: 3.751177 seconds.
  path: Assets/Scripts/pu_glide.cs
  artifactKey: Guid(3002ba9c565985e4db7b047dee403504) Importer(815301076,1909f56bfc062723c751e8b465ee728b)
Start importing Assets/Scripts/pu_glide.cs using Guid(3002ba9c565985e4db7b047dee403504) Importer(815301076,1909f56bfc062723c751e8b465ee728b)  -> (artifact id: '309709aedf39894b1e2da08a308a5f9d') in 0.008402 seconds 
========================================================================
Received Prepare
Registering precompiled user dll's ...
Registered in 0.002677 seconds.
Begin MonoManager ReloadAssembly
Native extension for WindowsStandalone target not found
Refreshing native plugins compatible for Editor in 0.63 ms, found 2 plugins.
Preloading 0 native plugins for Editor in 0.00 ms.
Mono: successfully reloaded assembly
- Completed reload, in  0.765 seconds
Platform modules already initialized, skipping
Refreshing native plugins compatible for Editor in 0.61 ms, found 2 plugins.
Preloading 0 native plugins for Editor in 0.00 ms.
Unloading 3382 Unused Serialized files (Serialized files now loaded: 0)
System memory in use before: 132.3 MB.
System memory in use after: 132.4 MB.

Unloading 16 unused Assets to reduce memory usage. Loaded Objects now: 3915.
Total: 2.476900 ms (FindLiveObjects: 0.263800 ms CreateObjectMapping: 0.073200 ms MarkObjects: 2.055100 ms  DeleteObjects: 0.083200 ms)

========================================================================
Received Import Request.
  Time since last request: 31.881918 seconds.
  path: Assets/Scripts/pu_glide.cs
  artifactKey: Guid(3002ba9c565985e4db7b047dee403504) Importer(815301076,1909f56bfc062723c751e8b465ee728b)
Start importing Assets/Scripts/pu_glide.cs using Guid(3002ba9c565985e4db7b047dee403504) Importer(815301076,1909f56bfc062723c751e8b465ee728b)  -> (artifact id: 'd3395cc93e82432eaaf6f76b698fbe18') in 0.005587 seconds 
========================================================================
Received Prepare
Registering precompiled user dll's ...
Registered in 0.002567 seconds.
Begin MonoManager ReloadAssembly
Native extension for WindowsStandalone target not found
Refreshing native plugins compatible for Editor in 0.62 ms, found 2 plugins.
Preloading 0 native plugins for Editor in 0.00 ms.
Mono: successfully reloaded assembly
- Completed reload, in  0.756 seconds
Platform modules already initialized, skipping
Refreshing native plugins compatible for Editor in 0.61 ms, found 2 plugins.
Preloading 0 native plugins for Editor in 0.00 ms.
Unloading 3382 Unused Serialized files (Serialized files now loaded: 0)
System memory in use before: 132.3 MB.
System memory in use after: 132.4 MB.

Unloading 16 unused Assets to reduce memory usage. Loaded Objects now: 3919.
Total: 2.505200 ms (FindLiveObjects: 0.268000 ms CreateObjectMapping: 0.074000 ms MarkObjects: 2.080600 ms  DeleteObjects: 0.081300 ms)

========================================================================
Received Import Request.
  Time since last request: 8.132796 seconds.
  path: Assets/Scripts/pu_trampo.cs
  artifactKey: Guid(641705d8f943ba14cb048a8b99d176db) Importer(815301076,1909f56bfc062723c751e8b465ee728b)
Start importing Assets/Scripts/pu_trampo.cs using Guid(641705d8f943ba14cb048a8b99d176db) Importer(815301076,1909f56bfc062723c751e8b465ee728b)  -> (artifact id: '909db81b6a47eaaf239a525de1a75e42') in 0.009502 seconds 
========================================================================
Received Prepare
Registering precompiled user dll's ...
Registered in 0.002610 seconds.
Begin MonoManager ReloadAssembly
Native extension for WindowsStandalone target not found
Refreshing native plugins compatible for Editor in 0.75 ms, found 2 plugins.
Preloading 0 native plugins for Editor in 0.00 ms.
Mono: successfully reloaded assembly
- Completed reload, in  0.753 seconds
Platform modules already initialized, skipping
Refreshing native plugins compatible for Editor in 0.60 ms, found 2 plugins.
Preloading 0 native plugins for Editor in 0.00 ms.
Unloading 3382 Unused Serialized files (Serialized files now loaded: 0)
System memory in use before: 132.3 MB.
System memory in use after: 132.5 MB.

Unloading 16 unused Assets to reduce memory usage. Loaded Objects now: 3923.
Total: 2.424800 ms (FindLiveObjects: 0.256600 ms CreateObjectMapping: 0.092900 ms MarkObjects: 1.995600 ms  DeleteObjects: 0.078500 ms)

========================================================================
Received Import Request.
  Time since last request: 10.770413 seconds.
  path: Assets/Scripts/pu_trampo.cs
  artifactKey: Guid(641705d8f943ba14cb048a8b99d176db) Importer(815301076,1909f56bfc062723c751e8b465ee728b)
Start importing Assets/Scripts/pu_trampo.cs using Guid(641705d8f943ba14cb048a8b99d176db) Importer(815301076,1909f56bfc062723c751e8b465ee728b)  -> (artifact id: '77f5cf027a5a55a932b79ea9127d6d46') in 0.005702 seconds 
========================================================================
Received Prepare
Registering precompiled user dll's ...
Registered in 0.002689 seconds.
Begin MonoManager ReloadAssembly
Native extension for WindowsStandalone target not found
Refreshing native plugins compatible for Editor in 0.64 ms, found 2 plugins.
Preloading 0 native plugins for Editor in 0.00 ms.
Mono: successfully reloaded assembly
- Completed reload, in  0.731 seconds
Platform modules already initialized, skipping
Refreshing native plugins compatible for Editor in 0.58 ms, found 2 plugins.
Preloading 0 native plugins for Editor in 0.00 ms.
Unloading 3382 Unused Serialized files (Serialized files now loaded: 0)
System memory in use before: 132.3 MB.
System memory in use after: 132.5 MB.

Unloading 16 unused Assets to reduce memory usage. Loaded Objects now: 3927.
Total: 2.267100 ms (FindLiveObjects: 0.254300 ms CreateObjectMapping: 0.081100 ms MarkObjects: 1.845400 ms  DeleteObjects: 0.085600 ms)

========================================================================
Received Prepare
Registering precompiled user dll's ...
Registered in 0.002624 seconds.
Begin MonoManager ReloadAssembly
Native extension for WindowsStandalone target not found
Refreshing native plugins compatible for Editor in 0.61 ms, found 2 plugins.
Preloading 0 native plugins for Editor in 0.00 ms.
Mono: successfully reloaded assembly
- Completed reload, in  0.742 seconds
Platform modules already initialized, skipping
Refreshing native plugins compatible for Editor in 0.62 ms, found 2 plugins.
Preloading 0 native plugins for Editor in 0.00 ms.
Unloading 3382 Unused Serialized files (Serialized files now loaded: 0)
System memory in use before: 132.3 MB.
System memory in use after: 132.5 MB.

Unloading 16 unused Assets to reduce memory usage. Loaded Objects now: 3931.
Total: 2.457800 ms (FindLiveObjects: 0.293300 ms CreateObjectMapping: 0.098700 ms MarkObjects: 1.985000 ms  DeleteObjects: 0.079700 ms)

========================================================================
Received Import Request.
  Time since last request: 590.314798 seconds.
  path: Assets/Sprites/Queen.png
  artifactKey: Guid(af0b3d0dd54d965488ba28b5c686e3e8) Importer(815301076,1909f56bfc062723c751e8b465ee728b)
Start importing Assets/Sprites/Queen.png using Guid(af0b3d0dd54d965488ba28b5c686e3e8) Importer(815301076,1909f56bfc062723c751e8b465ee728b)  -> (artifact id: '7efddf357d210ce76eb6dc1faa41c3c2') in 0.071100 seconds 
========================================================================
Received Import Request.
  Time since last request: 91.371463 seconds.
  path: Assets/Prefabs/Queen.prefab
  artifactKey: Guid(6d56deb5ab5819b4a9413acbbe7d8a39) Importer(815301076,1909f56bfc062723c751e8b465ee728b)
Start importing Assets/Prefabs/Queen.prefab using Guid(6d56deb5ab5819b4a9413acbbe7d8a39) Importer(815301076,1909f56bfc062723c751e8b465ee728b)  -> (artifact id: '4549bc2dfb960b401976930d99b2f098') in 0.029726 seconds 
========================================================================
Received Import Request.
  Time since last request: 11.440466 seconds.
  path: Assets/Prefabs/Queen.prefab
  artifactKey: Guid(6d56deb5ab5819b4a9413acbbe7d8a39) Importer(815301076,1909f56bfc062723c751e8b465ee728b)
Start importing Assets/Prefabs/Queen.prefab using Guid(6d56deb5ab5819b4a9413acbbe7d8a39) Importer(815301076,1909f56bfc062723c751e8b465ee728b)  -> (artifact id: '6cb1899c2c6dd9e059e4b1961ad28838') in 0.010962 seconds 
========================================================================
Received Import Request.
  Time since last request: 0.980559 seconds.
  path: Assets/Prefabs/Queen.prefab
  artifactKey: Guid(6d56deb5ab5819b4a9413acbbe7d8a39) Importer(815301076,1909f56bfc062723c751e8b465ee728b)
Start importing Assets/Prefabs/Queen.prefab using Guid(6d56deb5ab5819b4a9413acbbe7d8a39) Importer(815301076,1909f56bfc062723c751e8b465ee728b)  -> (artifact id: 'd7766abaa1db01afdc2d64ec28e66724') in 0.012455 seconds 
========================================================================
Received Import Request.
  Time since last request: 66.455534 seconds.
  path: Assets/Prefabs/Queen.prefab
  artifactKey: Guid(6d56deb5ab5819b4a9413acbbe7d8a39) Importer(815301076,1909f56bfc062723c751e8b465ee728b)
Start importing Assets/Prefabs/Queen.prefab using Guid(6d56deb5ab5819b4a9413acbbe7d8a39) Importer(815301076,1909f56bfc062723c751e8b465ee728b)  -> (artifact id: '4d438e2fab082f0577c991c4a0b9c25b') in 0.012751 seconds 
========================================================================
Received Import Request.
  Time since last request: 7.448368 seconds.
  path: Assets/Prefabs/Queen.prefab
  artifactKey: Guid(6d56deb5ab5819b4a9413acbbe7d8a39) Importer(815301076,1909f56bfc062723c751e8b465ee728b)
Start importing Assets/Prefabs/Queen.prefab using Guid(6d56deb5ab5819b4a9413acbbe7d8a39) Importer(815301076,1909f56bfc062723c751e8b465ee728b)  -> (artifact id: 'f6f785fdc84646a2cb24eddb95baad6b') in 0.011895 seconds 
========================================================================
Received Import Request.
  Time since last request: 8.460649 seconds.
  path: Assets/Prefabs/Queen.prefab
  artifactKey: Guid(6d56deb5ab5819b4a9413acbbe7d8a39) Importer(815301076,1909f56bfc062723c751e8b465ee728b)
Start importing Assets/Prefabs/Queen.prefab using Guid(6d56deb5ab5819b4a9413acbbe7d8a39) Importer(815301076,1909f56bfc062723c751e8b465ee728b)  -> (artifact id: 'f4a1918af4c6472db648ecb4c819a0b9') in 0.011223 seconds 
========================================================================
Received Import Request.
  Time since last request: 3.214535 seconds.
  path: Assets/Prefabs/Queen.prefab
  artifactKey: Guid(6d56deb5ab5819b4a9413acbbe7d8a39) Importer(815301076,1909f56bfc062723c751e8b465ee728b)
Start importing Assets/Prefabs/Queen.prefab using Guid(6d56deb5ab5819b4a9413acbbe7d8a39) Importer(815301076,1909f56bfc062723c751e8b465ee728b)  -> (artifact id: 'cc7020a66f44f51edd5e903f07d50cc9') in 0.013616 seconds 
========================================================================
Received Import Request.
  Time since last request: 1.588917 seconds.
  path: Assets/Prefabs/Queen.prefab
  artifactKey: Guid(6d56deb5ab5819b4a9413acbbe7d8a39) Importer(815301076,1909f56bfc062723c751e8b465ee728b)
Start importing Assets/Prefabs/Queen.prefab using Guid(6d56deb5ab5819b4a9413acbbe7d8a39) Importer(815301076,1909f56bfc062723c751e8b465ee728b)  -> (artifact id: '51b71e2093243f61cf13063bfb6dbb83') in 0.011561 seconds 
========================================================================
Received Import Request.
  Time since last request: 8.040980 seconds.
  path: Assets/Prefabs/Queen.prefab
  artifactKey: Guid(6d56deb5ab5819b4a9413acbbe7d8a39) Importer(815301076,1909f56bfc062723c751e8b465ee728b)
Start importing Assets/Prefabs/Queen.prefab using Guid(6d56deb5ab5819b4a9413acbbe7d8a39) Importer(815301076,1909f56bfc062723c751e8b465ee728b)  -> (artifact id: 'ec49500692d701b31010bfaaff5bd304') in 0.011888 seconds 
========================================================================
Received Import Request.
  Time since last request: 13.264967 seconds.
  path: Assets/Scripts/QueenScript.cs
  artifactKey: Guid(7f8c3855bc862614d9f61280847666af) Importer(815301076,1909f56bfc062723c751e8b465ee728b)
Start importing Assets/Scripts/QueenScript.cs using Guid(7f8c3855bc862614d9f61280847666af) Importer(815301076,1909f56bfc062723c751e8b465ee728b)  -> (artifact id: 'b233365b2373b401c0cc374212d60cb7') in 0.007029 seconds 
========================================================================
Received Prepare
Registering precompiled user dll's ...
Registered in 0.002587 seconds.
Begin MonoManager ReloadAssembly
Native extension for WindowsStandalone target not found
Refreshing native plugins compatible for Editor in 0.62 ms, found 2 plugins.
Preloading 0 native plugins for Editor in 0.00 ms.
Mono: successfully reloaded assembly
- Completed reload, in  0.741 seconds
Platform modules already initialized, skipping
Refreshing native plugins compatible for Editor in 0.55 ms, found 2 plugins.
Preloading 0 native plugins for Editor in 0.00 ms.
Unloading 3384 Unused Serialized files (Serialized files now loaded: 0)
System memory in use before: 134.2 MB.
System memory in use after: 134.4 MB.

Unloading 16 unused Assets to reduce memory usage. Loaded Objects now: 3955.
Total: 2.417200 ms (FindLiveObjects: 0.260500 ms CreateObjectMapping: 0.077500 ms MarkObjects: 1.995900 ms  DeleteObjects: 0.082100 ms)

========================================================================
Received Import Request.
  Time since last request: 101.224219 seconds.
  path: Assets/Prefabs/Queen.prefab
  artifactKey: Guid(6d56deb5ab5819b4a9413acbbe7d8a39) Importer(815301076,1909f56bfc062723c751e8b465ee728b)
Start importing Assets/Prefabs/Queen.prefab using Guid(6d56deb5ab5819b4a9413acbbe7d8a39) Importer(815301076,1909f56bfc062723c751e8b465ee728b)  -> (artifact id: 'f5661d1bc7748a801017a8c4f62138e1') in 0.052552 seconds 
========================================================================
Received Import Request.
  Time since last request: 301.463751 seconds.
  path: Assets/Scripts/FinalPlat.cs
  artifactKey: Guid(76eb9ebdd99b36d45b692cc1a97af50e) Importer(815301076,1909f56bfc062723c751e8b465ee728b)
Start importing Assets/Scripts/FinalPlat.cs using Guid(76eb9ebdd99b36d45b692cc1a97af50e) Importer(815301076,1909f56bfc062723c751e8b465ee728b)  -> (artifact id: '2207104ec6a3e234e4ba6d16ff88e0b0') in 0.008334 seconds 
========================================================================
Received Prepare
Registering precompiled user dll's ...
Registered in 0.002547 seconds.
Begin MonoManager ReloadAssembly
Native extension for WindowsStandalone target not found
Refreshing native plugins compatible for Editor in 0.67 ms, found 2 plugins.
Preloading 0 native plugins for Editor in 0.00 ms.
Mono: successfully reloaded assembly
- Completed reload, in  0.739 seconds
Platform modules already initialized, skipping
Refreshing native plugins compatible for Editor in 0.56 ms, found 2 plugins.
Preloading 0 native plugins for Editor in 0.00 ms.
Unloading 3383 Unused Serialized files (Serialized files now loaded: 0)
System memory in use before: 134.2 MB.
System memory in use after: 134.3 MB.

Unloading 16 unused Assets to reduce memory usage. Loaded Objects now: 3960.
Total: 2.396300 ms (FindLiveObjects: 0.268800 ms CreateObjectMapping: 0.105400 ms MarkObjects: 1.936700 ms  DeleteObjects: 0.084100 ms)

========================================================================
Received Import Request.
  Time since last request: 304.031661 seconds.
  path: Assets/Scripts/FinalPlat.cs
  artifactKey: Guid(76eb9ebdd99b36d45b692cc1a97af50e) Importer(815301076,1909f56bfc062723c751e8b465ee728b)
Start importing Assets/Scripts/FinalPlat.cs using Guid(76eb9ebdd99b36d45b692cc1a97af50e) Importer(815301076,1909f56bfc062723c751e8b465ee728b)  -> (artifact id: 'bf4cb540de63bfbd8c7eea543e72198b') in 0.005806 seconds 
========================================================================
Received Prepare
Registering precompiled user dll's ...
Registered in 0.002645 seconds.
Begin MonoManager ReloadAssembly
Native extension for WindowsStandalone target not found
Refreshing native plugins compatible for Editor in 0.62 ms, found 2 plugins.
Preloading 0 native plugins for Editor in 0.00 ms.
Mono: successfully reloaded assembly
- Completed reload, in  0.743 seconds
Platform modules already initialized, skipping
Refreshing native plugins compatible for Editor in 0.53 ms, found 2 plugins.
Preloading 0 native plugins for Editor in 0.00 ms.
Unloading 3383 Unused Serialized files (Serialized files now loaded: 0)
System memory in use before: 134.2 MB.
System memory in use after: 134.3 MB.

Unloading 16 unused Assets to reduce memory usage. Loaded Objects now: 3964.
Total: 2.486400 ms (FindLiveObjects: 0.258300 ms CreateObjectMapping: 0.094900 ms MarkObjects: 2.050500 ms  DeleteObjects: 0.081400 ms)

========================================================================
Received Prepare
Registering precompiled user dll's ...
Registered in 0.002618 seconds.
Begin MonoManager ReloadAssembly
Native extension for WindowsStandalone target not found
Refreshing native plugins compatible for Editor in 0.62 ms, found 2 plugins.
Preloading 0 native plugins for Editor in 0.00 ms.
Mono: successfully reloaded assembly
- Completed reload, in  0.767 seconds
Platform modules already initialized, skipping
Refreshing native plugins compatible for Editor in 0.61 ms, found 2 plugins.
Preloading 0 native plugins for Editor in 0.00 ms.
Unloading 3383 Unused Serialized files (Serialized files now loaded: 0)
System memory in use before: 134.2 MB.
System memory in use after: 134.3 MB.

Unloading 16 unused Assets to reduce memory usage. Loaded Objects now: 3968.
Total: 2.576700 ms (FindLiveObjects: 0.256100 ms CreateObjectMapping: 0.084800 ms MarkObjects: 2.152100 ms  DeleteObjects: 0.082700 ms)

AssetImportWorkerClient::OnTransportError - code=2 error=End of file
