Using pre-set license
Built from '2021.1/release' branch; Version is '2021.1.4f1 (4cd64a618c1b) revision 5035594'; Using compiler version '192528614'; Build Type 'Release'
OS: 'Windows 10 Home; OS build 19041.928; Version 2004; 64bit' Language: 'en' Physical Memory: 16191 MB
BatchMode: 1, IsHumanControllingUs: 0, StartBugReporterOnCrash: 0, Is64bit: 1, IsPro: 0

 COMMAND LINE ARGUMENTS:
C:\Program Files\Unity\Hub\Editor\2021.1.4f1\Editor\Unity.exe
-adb2
-batchMode
-noUpm
-name
AssetImportWorker0
-projectPath
C:/Users/liace/Documents/GitHub/JumpSpider/Itsybitsy Spideroo
-logFile
Logs/AssetImportWorker0.log
-srvPort
63465
Successfully changed project path to: C:/Users/liace/Documents/GitHub/JumpSpider/Itsybitsy Spideroo
C:/Users/liace/Documents/GitHub/JumpSpider/Itsybitsy Spideroo
Using Asset Import Pipeline V2.
Refreshing native plugins compatible for Editor in 282.36 ms, found 2 plugins.
Preloading 0 native plugins for Editor in 0.00 ms.
Initialize engine version: 2021.1.4f1 (4cd64a618c1b)
[Subsystems] Discovering subsystems at path C:/Program Files/Unity/Hub/Editor/2021.1.4f1/Editor/Data/Resources/UnitySubsystems
[Subsystems] Discovering subsystems at path C:/Users/liace/Documents/GitHub/JumpSpider/Itsybitsy Spideroo/Assets
GfxDevice: creating device client; threaded=0; jobified=0
Direct3D:
    Version:  Direct3D 11.0 [level 11.1]
    Renderer: NVIDIA GeForce RTX 2060 (ID=0x1f11)
    Vendor:   NVIDIA
    VRAM:     5980 MB
    Driver:   27.21.14.5167
Initialize mono
Mono path[0] = 'C:/Program Files/Unity/Hub/Editor/2021.1.4f1/Editor/Data/Managed'
Mono path[1] = 'C:/Program Files/Unity/Hub/Editor/2021.1.4f1/Editor/Data/MonoBleedingEdge/lib/mono/unityjit'
Mono config path = 'C:/Program Files/Unity/Hub/Editor/2021.1.4f1/Editor/Data/MonoBleedingEdge/etc'
Using monoOptions --debugger-agent=transport=dt_socket,embedding=1,server=y,suspend=n,address=127.0.0.1:56376
Begin MonoManager ReloadAssembly
Registering precompiled unity dll's ...
Register platform support module: C:/Program Files/Unity/Hub/Editor/2021.1.4f1/Editor/Data/PlaybackEngines/WebGLSupport/UnityEditor.WebGL.Extensions.dll
Register platform support module: C:/Program Files/Unity/Hub/Editor/2021.1.4f1/Editor/Data/PlaybackEngines/MacStandaloneSupport/UnityEditor.OSXStandalone.Extensions.dll
Register platform support module: C:/Program Files/Unity/Hub/Editor/2021.1.4f1/Editor/Data/PlaybackEngines/WindowsStandaloneSupport/UnityEditor.WindowsStandalone.Extensions.dll
Registered in 0.011585 seconds.
Native extension for WindowsStandalone target not found
Native extension for OSXStandalone target not found
Native extension for WebGL target not found
Refreshing native plugins compatible for Editor in 366.19 ms, found 2 plugins.
Preloading 0 native plugins for Editor in 0.00 ms.
Mono: successfully reloaded assembly
- Completed reload, in  6.216 seconds
Platform modules already initialized, skipping
Registering precompiled user dll's ...
Registered in 0.014778 seconds.
Begin MonoManager ReloadAssembly
Native extension for WindowsStandalone target not found
Native extension for OSXStandalone target not found
Native extension for WebGL target not found
Refreshing native plugins compatible for Editor in 292.95 ms, found 2 plugins.
Preloading 0 native plugins for Editor in 0.00 ms.
Mono: successfully reloaded assembly
- Completed reload, in  3.697 seconds
Platform modules already initialized, skipping
========================================================================
Worker process is ready to serve import requests
Launched and connected shader compiler UnityShaderCompiler.exe after 0.14 seconds
Refreshing native plugins compatible for Editor in 2.16 ms, found 2 plugins.
Preloading 0 native plugins for Editor in 0.00 ms.
Unloading 3389 Unused Serialized files (Serialized files now loaded: 0)
System memory in use before: 128.3 MB.
System memory in use after: 128.5 MB.

Unloading 24 unused Assets to reduce memory usage. Loaded Objects now: 3848.
Total: 6.743900 ms (FindLiveObjects: 0.615300 ms CreateObjectMapping: 0.301600 ms MarkObjects: 5.646200 ms  DeleteObjects: 0.177600 ms)

========================================================================
Received Import Request.
  path: Assets/Sounds/you_lost.wav
  artifactKey: Guid(0c5c0a1a42ddf2548a59cf755205e950) Importer(815301076,1909f56bfc062723c751e8b465ee728b)
Start importing Assets/Sounds/you_lost.wav using Guid(0c5c0a1a42ddf2548a59cf755205e950) Importer(815301076,1909f56bfc062723c751e8b465ee728b)  -> (artifact id: '99dcac8548332dafc911c9f6811743a4') in 0.320503 seconds 
========================================================================
Received Import Request.
  Time since last request: 0.000541 seconds.
  path: Assets/Scripts/testSound.mp3
  artifactKey: Guid(f184b19603c889d48b1af02717cba508) Importer(815301076,1909f56bfc062723c751e8b465ee728b)
Start importing Assets/Scripts/testSound.mp3 using Guid(f184b19603c889d48b1af02717cba508) Importer(815301076,1909f56bfc062723c751e8b465ee728b)  -> (artifact id: '91cc61a9c9144886abdfb2a09ccc86f0') in 0.201743 seconds 
========================================================================
Received Prepare
Registering precompiled user dll's ...
Registered in 0.009852 seconds.
Begin MonoManager ReloadAssembly
Native extension for WindowsStandalone target not found
Native extension for OSXStandalone target not found
Native extension for WebGL target not found
Refreshing native plugins compatible for Editor in 1.43 ms, found 2 plugins.
Preloading 0 native plugins for Editor in 0.00 ms.
Mono: successfully reloaded assembly
- Completed reload, in  3.210 seconds
Platform modules already initialized, skipping
Refreshing native plugins compatible for Editor in 1.95 ms, found 2 plugins.
Preloading 0 native plugins for Editor in 0.00 ms.
Unloading 3379 Unused Serialized files (Serialized files now loaded: 0)
System memory in use before: 131.5 MB.
System memory in use after: 131.7 MB.

Unloading 12 unused Assets to reduce memory usage. Loaded Objects now: 3861.
Total: 6.906600 ms (FindLiveObjects: 0.547300 ms CreateObjectMapping: 0.402200 ms MarkObjects: 5.911100 ms  DeleteObjects: 0.042800 ms)

========================================================================
Received Import Request.
  Time since last request: 84.837617 seconds.
  path: Assets/Sounds/you_lost.wav
  artifactKey: Guid(0c5c0a1a42ddf2548a59cf755205e950) Importer(815301076,1909f56bfc062723c751e8b465ee728b)
Start importing Assets/Sounds/you_lost.wav using Guid(0c5c0a1a42ddf2548a59cf755205e950) Importer(815301076,1909f56bfc062723c751e8b465ee728b)  -> (artifact id: '825b813abf918feb59f405b4ee0373bc') in 0.213419 seconds 
========================================================================
Received Prepare
Registering precompiled user dll's ...
Registered in 0.009780 seconds.
Begin MonoManager ReloadAssembly
Native extension for WindowsStandalone target not found
Native extension for OSXStandalone target not found
Native extension for WebGL target not found
Refreshing native plugins compatible for Editor in 1.43 ms, found 2 plugins.
Preloading 0 native plugins for Editor in 0.00 ms.
Mono: successfully reloaded assembly
- Completed reload, in  3.033 seconds
Platform modules already initialized, skipping
Refreshing native plugins compatible for Editor in 1.60 ms, found 2 plugins.
Preloading 0 native plugins for Editor in 0.00 ms.
Unloading 3379 Unused Serialized files (Serialized files now loaded: 0)
System memory in use before: 131.6 MB.
System memory in use after: 131.8 MB.

Unloading 12 unused Assets to reduce memory usage. Loaded Objects now: 3866.
Total: 6.308700 ms (FindLiveObjects: 0.539100 ms CreateObjectMapping: 0.215700 ms MarkObjects: 5.512100 ms  DeleteObjects: 0.039400 ms)

========================================================================
Received Import Request.
  Time since last request: 398.636142 seconds.
  path: Assets/Scenes/Level.unity
  artifactKey: Guid(2debf36a6e2e84643aaeeb81f2c63b26) Importer(815301076,1909f56bfc062723c751e8b465ee728b)
Start importing Assets/Scenes/Level.unity using Guid(2debf36a6e2e84643aaeeb81f2c63b26) Importer(815301076,1909f56bfc062723c751e8b465ee728b)  -> (artifact id: '8735db9f4f63442039dafdc60aea4486') in 0.174643 seconds 
========================================================================
Received Import Request.
  Time since last request: 526.160876 seconds.
  path: Assets/Sounds/you_won.wav
  artifactKey: Guid(22d950fbcd116a3439ce9ca7db3307ea) Importer(815301076,1909f56bfc062723c751e8b465ee728b)
Start importing Assets/Sounds/you_won.wav using Guid(22d950fbcd116a3439ce9ca7db3307ea) Importer(815301076,1909f56bfc062723c751e8b465ee728b)  -> (artifact id: '47bf5418a1e7291c7b4e1a5b4d647616') in 0.178204 seconds 
========================================================================
Received Prepare
Registering precompiled user dll's ...
Registered in 0.011718 seconds.
Begin MonoManager ReloadAssembly
Native extension for WindowsStandalone target not found
Native extension for OSXStandalone target not found
Native extension for WebGL target not found
Refreshing native plugins compatible for Editor in 1.51 ms, found 2 plugins.
Preloading 0 native plugins for Editor in 0.00 ms.
Mono: successfully reloaded assembly
- Completed reload, in  3.288 seconds
Platform modules already initialized, skipping
Refreshing native plugins compatible for Editor in 1.41 ms, found 2 plugins.
Preloading 0 native plugins for Editor in 0.00 ms.
Unloading 3379 Unused Serialized files (Serialized files now loaded: 0)
System memory in use before: 131.6 MB.
System memory in use after: 131.8 MB.

Unloading 12 unused Assets to reduce memory usage. Loaded Objects now: 3871.
Total: 6.451600 ms (FindLiveObjects: 0.574300 ms CreateObjectMapping: 0.252600 ms MarkObjects: 5.580700 ms  DeleteObjects: 0.041500 ms)

========================================================================
Received Prepare
Registering precompiled user dll's ...
Registered in 0.011613 seconds.
Begin MonoManager ReloadAssembly
Native extension for WindowsStandalone target not found
Native extension for OSXStandalone target not found
Native extension for WebGL target not found
Refreshing native plugins compatible for Editor in 1.56 ms, found 2 plugins.
Preloading 0 native plugins for Editor in 0.00 ms.
Mono: successfully reloaded assembly
- Completed reload, in  3.021 seconds
Platform modules already initialized, skipping
Refreshing native plugins compatible for Editor in 1.38 ms, found 2 plugins.
Preloading 0 native plugins for Editor in 0.00 ms.
Unloading 3379 Unused Serialized files (Serialized files now loaded: 0)
System memory in use before: 131.6 MB.
System memory in use after: 131.9 MB.

Unloading 12 unused Assets to reduce memory usage. Loaded Objects now: 3875.
Total: 6.203500 ms (FindLiveObjects: 0.581200 ms CreateObjectMapping: 0.261300 ms MarkObjects: 5.318100 ms  DeleteObjects: 0.040800 ms)

